<?xml version="1.0" encoding="UTF-8"?>
<!-- Generated by org.testng.reporters.JUnitReportReporter -->
<testsuite hostname="DESKTOP-0F5LVEE" name="com.testscripts.LoginPageTest" tests="1" failures="0" timestamp="23 Apr 2017 18:29:14 GMT" time="0.339" errors="0">
  <testcase name="loginTest" time="0.339" classname="com.testscripts.LoginPageTest"/>
</testsuite> <!-- com.testscripts.LoginPageTest -->
